[2024-03-21 02:57:01,780] {taskinstance.py:1159} INFO - Dependencies all met for <TaskInstance: elt_reddit_pipeline.upload_to_s3 scheduled__2024-03-20T00:00:00+00:00 [queued]>
[2024-03-21 02:57:01,785] {taskinstance.py:1159} INFO - Dependencies all met for <TaskInstance: elt_reddit_pipeline.upload_to_s3 scheduled__2024-03-20T00:00:00+00:00 [queued]>
[2024-03-21 02:57:01,785] {taskinstance.py:1356} INFO - 
--------------------------------------------------------------------------------
[2024-03-21 02:57:01,785] {taskinstance.py:1357} INFO - Starting attempt 1 of 2
[2024-03-21 02:57:01,785] {taskinstance.py:1358} INFO - 
--------------------------------------------------------------------------------
[2024-03-21 02:57:01,792] {taskinstance.py:1377} INFO - Executing <Task(BashOperator): upload_to_s3> on 2024-03-20 00:00:00+00:00
[2024-03-21 02:57:01,796] {standard_task_runner.py:52} INFO - Started process 94 to run task
[2024-03-21 02:57:01,799] {standard_task_runner.py:79} INFO - Running: ['***', 'tasks', 'run', 'elt_reddit_pipeline', 'upload_to_s3', 'scheduled__2024-03-20T00:00:00+00:00', '--job-id', '19', '--raw', '--subdir', 'DAGS_FOLDER/elt_reddit_pipeline.py', '--cfg-path', '/tmp/tmpan1lui2k', '--error-file', '/tmp/tmp377vi_nl']
[2024-03-21 02:57:01,800] {standard_task_runner.py:80} INFO - Job 19: Subtask upload_to_s3
[2024-03-21 02:57:01,838] {task_command.py:370} INFO - Running <TaskInstance: elt_reddit_pipeline.upload_to_s3 scheduled__2024-03-20T00:00:00+00:00 [running]> on host 40b24d319cc0
[2024-03-21 02:57:01,882] {taskinstance.py:1571} INFO - Exporting the following env vars:
AIRFLOW_CTX_DAG_OWNER=***
AIRFLOW_CTX_DAG_ID=elt_reddit_pipeline
AIRFLOW_CTX_TASK_ID=upload_to_s3
AIRFLOW_CTX_EXECUTION_DATE=2024-03-20T00:00:00+00:00
AIRFLOW_CTX_TRY_NUMBER=1
AIRFLOW_CTX_DAG_RUN_ID=scheduled__2024-03-20T00:00:00+00:00
[2024-03-21 02:57:01,883] {subprocess.py:62} INFO - Tmp dir root location: 
 /tmp
[2024-03-21 02:57:01,883] {subprocess.py:74} INFO - Running command: ['bash', '-c', 'python /opt/***/extraction/upload_aws_s3_etl.py 20240321']
[2024-03-21 02:57:01,893] {subprocess.py:85} INFO - Output:
[2024-03-21 02:57:03,497] {subprocess.py:96} INFO - Command exited with return code 0
[2024-03-21 02:57:03,614] {taskinstance.py:1400} INFO - Marking task as SUCCESS. dag_id=elt_reddit_pipeline, task_id=upload_to_s3, execution_date=20240320T000000, start_date=20240321T025701, end_date=20240321T025703
[2024-03-21 02:57:03,659] {local_task_job.py:156} INFO - Task exited with return code 0
[2024-03-21 02:57:03,707] {local_task_job.py:273} INFO - 1 downstream tasks scheduled from follow-on schedule check
