[2024-03-20 15:04:09,447] {taskinstance.py:1159} INFO - Dependencies all met for <TaskInstance: elt_reddit_pipeline.copy_to_redshift manual__2024-03-20T15:03:56.982105+00:00 [queued]>
[2024-03-20 15:04:09,455] {taskinstance.py:1159} INFO - Dependencies all met for <TaskInstance: elt_reddit_pipeline.copy_to_redshift manual__2024-03-20T15:03:56.982105+00:00 [queued]>
[2024-03-20 15:04:09,455] {taskinstance.py:1356} INFO - 
--------------------------------------------------------------------------------
[2024-03-20 15:04:09,455] {taskinstance.py:1357} INFO - Starting attempt 1 of 2
[2024-03-20 15:04:09,456] {taskinstance.py:1358} INFO - 
--------------------------------------------------------------------------------
[2024-03-20 15:04:09,468] {taskinstance.py:1377} INFO - Executing <Task(BashOperator): copy_to_redshift> on 2024-03-20 15:03:56.982105+00:00
[2024-03-20 15:04:09,472] {standard_task_runner.py:52} INFO - Started process 12393 to run task
[2024-03-20 15:04:09,475] {standard_task_runner.py:79} INFO - Running: ['***', 'tasks', 'run', 'elt_reddit_pipeline', 'copy_to_redshift', 'manual__2024-03-20T15:03:56.982105+00:00', '--job-id', '15', '--raw', '--subdir', 'DAGS_FOLDER/elt_reddit_pipeline.py', '--cfg-path', '/tmp/tmp7sjwqttw', '--error-file', '/tmp/tmpgerc171s']
[2024-03-20 15:04:09,476] {standard_task_runner.py:80} INFO - Job 15: Subtask copy_to_redshift
[2024-03-20 15:04:09,511] {task_command.py:370} INFO - Running <TaskInstance: elt_reddit_pipeline.copy_to_redshift manual__2024-03-20T15:03:56.982105+00:00 [running]> on host 9aae7e0ec976
[2024-03-20 15:04:09,553] {taskinstance.py:1571} INFO - Exporting the following env vars:
AIRFLOW_CTX_DAG_OWNER=***
AIRFLOW_CTX_DAG_ID=elt_reddit_pipeline
AIRFLOW_CTX_TASK_ID=copy_to_redshift
AIRFLOW_CTX_EXECUTION_DATE=2024-03-20T15:03:56.982105+00:00
AIRFLOW_CTX_TRY_NUMBER=1
AIRFLOW_CTX_DAG_RUN_ID=manual__2024-03-20T15:03:56.982105+00:00
[2024-03-20 15:04:09,553] {subprocess.py:62} INFO - Tmp dir root location: 
 /tmp
[2024-03-20 15:04:09,554] {subprocess.py:74} INFO - Running command: ['bash', '-c', 'python /opt/***/extraction/upload_aws_redshift_etl.py 20240320']
[2024-03-20 15:04:09,562] {subprocess.py:85} INFO - Output:
[2024-03-20 15:04:23,113] {subprocess.py:96} INFO - Command exited with return code 0
[2024-03-20 15:04:23,174] {taskinstance.py:1400} INFO - Marking task as SUCCESS. dag_id=elt_reddit_pipeline, task_id=copy_to_redshift, execution_date=20240320T150356, start_date=20240320T150409, end_date=20240320T150423
[2024-03-20 15:04:23,230] {local_task_job.py:156} INFO - Task exited with return code 0
[2024-03-20 15:04:23,265] {local_task_job.py:273} INFO - 0 downstream tasks scheduled from follow-on schedule check
