[2024-03-21 03:34:55,178] {taskinstance.py:1159} INFO - Dependencies all met for <TaskInstance: elt_reddit_pipeline.extract_reddit_data manual__2024-03-21T03:34:53.763836+00:00 [queued]>
[2024-03-21 03:34:55,185] {taskinstance.py:1159} INFO - Dependencies all met for <TaskInstance: elt_reddit_pipeline.extract_reddit_data manual__2024-03-21T03:34:53.763836+00:00 [queued]>
[2024-03-21 03:34:55,185] {taskinstance.py:1356} INFO - 
--------------------------------------------------------------------------------
[2024-03-21 03:34:55,185] {taskinstance.py:1357} INFO - Starting attempt 1 of 2
[2024-03-21 03:34:55,185] {taskinstance.py:1358} INFO - 
--------------------------------------------------------------------------------
[2024-03-21 03:34:55,195] {taskinstance.py:1377} INFO - Executing <Task(BashOperator): extract_reddit_data> on 2024-03-21 03:34:53.763836+00:00
[2024-03-21 03:34:55,201] {standard_task_runner.py:52} INFO - Started process 605 to run task
[2024-03-21 03:34:55,205] {standard_task_runner.py:79} INFO - Running: ['***', 'tasks', 'run', 'elt_reddit_pipeline', 'extract_reddit_data', 'manual__2024-03-21T03:34:53.763836+00:00', '--job-id', '21', '--raw', '--subdir', 'DAGS_FOLDER/elt_reddit_pipeline.py', '--cfg-path', '/tmp/tmp2bvtqcv6', '--error-file', '/tmp/tmpy1oldec7']
[2024-03-21 03:34:55,206] {standard_task_runner.py:80} INFO - Job 21: Subtask extract_reddit_data
[2024-03-21 03:34:55,264] {task_command.py:370} INFO - Running <TaskInstance: elt_reddit_pipeline.extract_reddit_data manual__2024-03-21T03:34:53.763836+00:00 [running]> on host 40b24d319cc0
[2024-03-21 03:34:55,327] {taskinstance.py:1571} INFO - Exporting the following env vars:
AIRFLOW_CTX_DAG_OWNER=***
AIRFLOW_CTX_DAG_ID=elt_reddit_pipeline
AIRFLOW_CTX_TASK_ID=extract_reddit_data
AIRFLOW_CTX_EXECUTION_DATE=2024-03-21T03:34:53.763836+00:00
AIRFLOW_CTX_TRY_NUMBER=1
AIRFLOW_CTX_DAG_RUN_ID=manual__2024-03-21T03:34:53.763836+00:00
[2024-03-21 03:34:55,328] {subprocess.py:62} INFO - Tmp dir root location: 
 /tmp
[2024-03-21 03:34:55,329] {subprocess.py:74} INFO - Running command: ['bash', '-c', 'python /opt/***/extraction/extract_reddit_etl.py 20240321']
[2024-03-21 03:34:55,343] {subprocess.py:85} INFO - Output:
[2024-03-21 03:35:01,136] {subprocess.py:96} INFO - Command exited with return code 0
[2024-03-21 03:35:01,185] {taskinstance.py:1400} INFO - Marking task as SUCCESS. dag_id=elt_reddit_pipeline, task_id=extract_reddit_data, execution_date=20240321T033453, start_date=20240321T033455, end_date=20240321T033501
[2024-03-21 03:35:01,220] {local_task_job.py:156} INFO - Task exited with return code 0
[2024-03-21 03:35:01,257] {local_task_job.py:273} INFO - 1 downstream tasks scheduled from follow-on schedule check
