[2024-03-20 08:57:28,412] {taskinstance.py:1159} INFO - Dependencies all met for <TaskInstance: elt_reddit_pipeline.upload_to_s3 manual__2024-03-20T08:57:24.388901+00:00 [queued]>
[2024-03-20 08:57:28,417] {taskinstance.py:1159} INFO - Dependencies all met for <TaskInstance: elt_reddit_pipeline.upload_to_s3 manual__2024-03-20T08:57:24.388901+00:00 [queued]>
[2024-03-20 08:57:28,417] {taskinstance.py:1356} INFO - 
--------------------------------------------------------------------------------
[2024-03-20 08:57:28,417] {taskinstance.py:1357} INFO - Starting attempt 1 of 2
[2024-03-20 08:57:28,417] {taskinstance.py:1358} INFO - 
--------------------------------------------------------------------------------
[2024-03-20 08:57:28,425] {taskinstance.py:1377} INFO - Executing <Task(BashOperator): upload_to_s3> on 2024-03-20 08:57:24.388901+00:00
[2024-03-20 08:57:28,429] {standard_task_runner.py:52} INFO - Started process 1577 to run task
[2024-03-20 08:57:28,433] {standard_task_runner.py:79} INFO - Running: ['***', 'tasks', 'run', 'elt_reddit_pipeline', 'upload_to_s3', 'manual__2024-03-20T08:57:24.388901+00:00', '--job-id', '7', '--raw', '--subdir', 'DAGS_FOLDER/elt_reddit_pipeline.py', '--cfg-path', '/tmp/tmpaie8tzsv', '--error-file', '/tmp/tmpvk4czdyc']
[2024-03-20 08:57:28,434] {standard_task_runner.py:80} INFO - Job 7: Subtask upload_to_s3
[2024-03-20 08:57:28,472] {task_command.py:370} INFO - Running <TaskInstance: elt_reddit_pipeline.upload_to_s3 manual__2024-03-20T08:57:24.388901+00:00 [running]> on host 9aae7e0ec976
[2024-03-20 08:57:28,518] {taskinstance.py:1571} INFO - Exporting the following env vars:
AIRFLOW_CTX_DAG_OWNER=***
AIRFLOW_CTX_DAG_ID=elt_reddit_pipeline
AIRFLOW_CTX_TASK_ID=upload_to_s3
AIRFLOW_CTX_EXECUTION_DATE=2024-03-20T08:57:24.388901+00:00
AIRFLOW_CTX_TRY_NUMBER=1
AIRFLOW_CTX_DAG_RUN_ID=manual__2024-03-20T08:57:24.388901+00:00
[2024-03-20 08:57:28,519] {subprocess.py:62} INFO - Tmp dir root location: 
 /tmp
[2024-03-20 08:57:28,520] {subprocess.py:74} INFO - Running command: ['bash', '-c', 'python /opt/***/extraction/upload_aws_s3_etl.py 20240320']
[2024-03-20 08:57:28,530] {subprocess.py:85} INFO - Output:
[2024-03-20 08:57:30,083] {subprocess.py:96} INFO - Command exited with return code 0
[2024-03-20 08:57:30,140] {taskinstance.py:1400} INFO - Marking task as SUCCESS. dag_id=elt_reddit_pipeline, task_id=upload_to_s3, execution_date=20240320T085724, start_date=20240320T085728, end_date=20240320T085730
[2024-03-20 08:57:30,196] {local_task_job.py:156} INFO - Task exited with return code 0
[2024-03-20 08:57:30,231] {local_task_job.py:273} INFO - 1 downstream tasks scheduled from follow-on schedule check
