[2024-03-21 02:56:55,557] {taskinstance.py:1159} INFO - Dependencies all met for <TaskInstance: elt_reddit_pipeline.extract_reddit_data scheduled__2024-03-20T00:00:00+00:00 [queued]>
[2024-03-21 02:56:55,564] {taskinstance.py:1159} INFO - Dependencies all met for <TaskInstance: elt_reddit_pipeline.extract_reddit_data scheduled__2024-03-20T00:00:00+00:00 [queued]>
[2024-03-21 02:56:55,564] {taskinstance.py:1356} INFO - 
--------------------------------------------------------------------------------
[2024-03-21 02:56:55,565] {taskinstance.py:1357} INFO - Starting attempt 1 of 2
[2024-03-21 02:56:55,565] {taskinstance.py:1358} INFO - 
--------------------------------------------------------------------------------
[2024-03-21 02:56:55,574] {taskinstance.py:1377} INFO - Executing <Task(BashOperator): extract_reddit_data> on 2024-03-20 00:00:00+00:00
[2024-03-21 02:56:55,579] {standard_task_runner.py:52} INFO - Started process 85 to run task
[2024-03-21 02:56:55,582] {standard_task_runner.py:79} INFO - Running: ['***', 'tasks', 'run', 'elt_reddit_pipeline', 'extract_reddit_data', 'scheduled__2024-03-20T00:00:00+00:00', '--job-id', '18', '--raw', '--subdir', 'DAGS_FOLDER/elt_reddit_pipeline.py', '--cfg-path', '/tmp/tmpasrcfo3e', '--error-file', '/tmp/tmp9gg0uy4n']
[2024-03-21 02:56:55,582] {standard_task_runner.py:80} INFO - Job 18: Subtask extract_reddit_data
[2024-03-21 02:56:55,661] {task_command.py:370} INFO - Running <TaskInstance: elt_reddit_pipeline.extract_reddit_data scheduled__2024-03-20T00:00:00+00:00 [running]> on host 40b24d319cc0
[2024-03-21 02:56:55,733] {taskinstance.py:1571} INFO - Exporting the following env vars:
AIRFLOW_CTX_DAG_OWNER=***
AIRFLOW_CTX_DAG_ID=elt_reddit_pipeline
AIRFLOW_CTX_TASK_ID=extract_reddit_data
AIRFLOW_CTX_EXECUTION_DATE=2024-03-20T00:00:00+00:00
AIRFLOW_CTX_TRY_NUMBER=1
AIRFLOW_CTX_DAG_RUN_ID=scheduled__2024-03-20T00:00:00+00:00
[2024-03-21 02:56:55,735] {subprocess.py:62} INFO - Tmp dir root location: 
 /tmp
[2024-03-21 02:56:55,735] {subprocess.py:74} INFO - Running command: ['bash', '-c', 'python /opt/***/extraction/extract_reddit_etl.py 20240321']
[2024-03-21 02:56:55,753] {subprocess.py:85} INFO - Output:
[2024-03-21 02:57:00,775] {subprocess.py:96} INFO - Command exited with return code 0
[2024-03-21 02:57:00,822] {taskinstance.py:1400} INFO - Marking task as SUCCESS. dag_id=elt_reddit_pipeline, task_id=extract_reddit_data, execution_date=20240320T000000, start_date=20240321T025655, end_date=20240321T025700
[2024-03-21 02:57:00,881] {local_task_job.py:156} INFO - Task exited with return code 0
[2024-03-21 02:57:00,919] {local_task_job.py:273} INFO - 1 downstream tasks scheduled from follow-on schedule check
