[2024-03-20 11:52:15,012] {taskinstance.py:1159} INFO - Dependencies all met for <TaskInstance: elt_reddit_pipeline.extract_reddit_data manual__2024-03-20T11:52:13.986602+00:00 [queued]>
[2024-03-20 11:52:15,017] {taskinstance.py:1159} INFO - Dependencies all met for <TaskInstance: elt_reddit_pipeline.extract_reddit_data manual__2024-03-20T11:52:13.986602+00:00 [queued]>
[2024-03-20 11:52:15,018] {taskinstance.py:1356} INFO - 
--------------------------------------------------------------------------------
[2024-03-20 11:52:15,018] {taskinstance.py:1357} INFO - Starting attempt 1 of 2
[2024-03-20 11:52:15,018] {taskinstance.py:1358} INFO - 
--------------------------------------------------------------------------------
[2024-03-20 11:52:15,026] {taskinstance.py:1377} INFO - Executing <Task(BashOperator): extract_reddit_data> on 2024-03-20 11:52:13.986602+00:00
[2024-03-20 11:52:15,032] {standard_task_runner.py:52} INFO - Started process 3640 to run task
[2024-03-20 11:52:15,038] {standard_task_runner.py:79} INFO - Running: ['***', 'tasks', 'run', 'elt_reddit_pipeline', 'extract_reddit_data', 'manual__2024-03-20T11:52:13.986602+00:00', '--job-id', '10', '--raw', '--subdir', 'DAGS_FOLDER/elt_reddit_pipeline.py', '--cfg-path', '/tmp/tmp2563yeqn', '--error-file', '/tmp/tmpuetudwvo']
[2024-03-20 11:52:15,039] {standard_task_runner.py:80} INFO - Job 10: Subtask extract_reddit_data
[2024-03-20 11:52:15,084] {task_command.py:370} INFO - Running <TaskInstance: elt_reddit_pipeline.extract_reddit_data manual__2024-03-20T11:52:13.986602+00:00 [running]> on host 9aae7e0ec976
[2024-03-20 11:52:15,131] {taskinstance.py:1571} INFO - Exporting the following env vars:
AIRFLOW_CTX_DAG_OWNER=***
AIRFLOW_CTX_DAG_ID=elt_reddit_pipeline
AIRFLOW_CTX_TASK_ID=extract_reddit_data
AIRFLOW_CTX_EXECUTION_DATE=2024-03-20T11:52:13.986602+00:00
AIRFLOW_CTX_TRY_NUMBER=1
AIRFLOW_CTX_DAG_RUN_ID=manual__2024-03-20T11:52:13.986602+00:00
[2024-03-20 11:52:15,133] {subprocess.py:62} INFO - Tmp dir root location: 
 /tmp
[2024-03-20 11:52:15,134] {subprocess.py:74} INFO - Running command: ['bash', '-c', 'python /opt/***/extraction/extract_reddit_etl.py 20240320']
[2024-03-20 11:52:15,148] {subprocess.py:85} INFO - Output:
[2024-03-20 11:52:17,383] {subprocess.py:96} INFO - Command exited with return code 0
[2024-03-20 11:52:17,467] {taskinstance.py:1400} INFO - Marking task as SUCCESS. dag_id=elt_reddit_pipeline, task_id=extract_reddit_data, execution_date=20240320T115213, start_date=20240320T115215, end_date=20240320T115217
[2024-03-20 11:52:17,541] {local_task_job.py:156} INFO - Task exited with return code 0
[2024-03-20 11:52:17,620] {local_task_job.py:273} INFO - 1 downstream tasks scheduled from follow-on schedule check
