[2024-02-27 13:48:56,555] {taskinstance.py:1159} INFO - Dependencies all met for <TaskInstance: elt_reddit_pipeline.extract_reddit_data scheduled__2024-02-26T00:00:00+00:00 [queued]>
[2024-02-27 13:48:56,559] {taskinstance.py:1159} INFO - Dependencies all met for <TaskInstance: elt_reddit_pipeline.extract_reddit_data scheduled__2024-02-26T00:00:00+00:00 [queued]>
[2024-02-27 13:48:56,560] {taskinstance.py:1356} INFO - 
--------------------------------------------------------------------------------
[2024-02-27 13:48:56,560] {taskinstance.py:1357} INFO - Starting attempt 1 of 2
[2024-02-27 13:48:56,560] {taskinstance.py:1358} INFO - 
--------------------------------------------------------------------------------
[2024-02-27 13:48:56,568] {taskinstance.py:1377} INFO - Executing <Task(BashOperator): extract_reddit_data> on 2024-02-26 00:00:00+00:00
[2024-02-27 13:48:56,572] {standard_task_runner.py:52} INFO - Started process 66 to run task
[2024-02-27 13:48:56,575] {standard_task_runner.py:79} INFO - Running: ['***', 'tasks', 'run', 'elt_reddit_pipeline', 'extract_reddit_data', 'scheduled__2024-02-26T00:00:00+00:00', '--job-id', '3', '--raw', '--subdir', 'DAGS_FOLDER/elt_reddit_pipeline.py', '--cfg-path', '/tmp/tmp9zcqzn6f', '--error-file', '/tmp/tmpnksbg8su']
[2024-02-27 13:48:56,576] {standard_task_runner.py:80} INFO - Job 3: Subtask extract_reddit_data
[2024-02-27 13:48:56,612] {task_command.py:370} INFO - Running <TaskInstance: elt_reddit_pipeline.extract_reddit_data scheduled__2024-02-26T00:00:00+00:00 [running]> on host b04c3dbb7699
[2024-02-27 13:48:56,656] {taskinstance.py:1571} INFO - Exporting the following env vars:
AIRFLOW_CTX_DAG_OWNER=***
AIRFLOW_CTX_DAG_ID=elt_reddit_pipeline
AIRFLOW_CTX_TASK_ID=extract_reddit_data
AIRFLOW_CTX_EXECUTION_DATE=2024-02-26T00:00:00+00:00
AIRFLOW_CTX_TRY_NUMBER=1
AIRFLOW_CTX_DAG_RUN_ID=scheduled__2024-02-26T00:00:00+00:00
[2024-02-27 13:48:56,657] {subprocess.py:62} INFO - Tmp dir root location: 
 /tmp
[2024-02-27 13:48:56,658] {subprocess.py:74} INFO - Running command: ['bash', '-c', 'python /opt/***/extraction/extract_reddit_etl.py 20240227']
[2024-02-27 13:48:56,665] {subprocess.py:85} INFO - Output:
[2024-02-27 13:48:58,748] {subprocess.py:96} INFO - Command exited with return code 0
[2024-02-27 13:48:58,771] {taskinstance.py:1400} INFO - Marking task as SUCCESS. dag_id=elt_reddit_pipeline, task_id=extract_reddit_data, execution_date=20240226T000000, start_date=20240227T134856, end_date=20240227T134858
[2024-02-27 13:48:58,798] {local_task_job.py:156} INFO - Task exited with return code 0
[2024-02-27 13:48:58,823] {local_task_job.py:273} INFO - 1 downstream tasks scheduled from follow-on schedule check
