[2024-03-21 03:35:02,486] {taskinstance.py:1159} INFO - Dependencies all met for <TaskInstance: elt_reddit_pipeline.copy_to_redshift manual__2024-03-21T03:34:53.763836+00:00 [queued]>
[2024-03-21 03:35:02,492] {taskinstance.py:1159} INFO - Dependencies all met for <TaskInstance: elt_reddit_pipeline.copy_to_redshift manual__2024-03-21T03:34:53.763836+00:00 [queued]>
[2024-03-21 03:35:02,492] {taskinstance.py:1356} INFO - 
--------------------------------------------------------------------------------
[2024-03-21 03:35:02,492] {taskinstance.py:1357} INFO - Starting attempt 1 of 2
[2024-03-21 03:35:02,492] {taskinstance.py:1358} INFO - 
--------------------------------------------------------------------------------
[2024-03-21 03:35:02,500] {taskinstance.py:1377} INFO - Executing <Task(BashOperator): copy_to_redshift> on 2024-03-21 03:34:53.763836+00:00
[2024-03-21 03:35:02,513] {standard_task_runner.py:52} INFO - Started process 630 to run task
[2024-03-21 03:35:02,523] {standard_task_runner.py:79} INFO - Running: ['***', 'tasks', 'run', 'elt_reddit_pipeline', 'copy_to_redshift', 'manual__2024-03-21T03:34:53.763836+00:00', '--job-id', '23', '--raw', '--subdir', 'DAGS_FOLDER/elt_reddit_pipeline.py', '--cfg-path', '/tmp/tmptyw2tdlm', '--error-file', '/tmp/tmp1tbbo3f2']
[2024-03-21 03:35:02,524] {standard_task_runner.py:80} INFO - Job 23: Subtask copy_to_redshift
[2024-03-21 03:35:02,563] {task_command.py:370} INFO - Running <TaskInstance: elt_reddit_pipeline.copy_to_redshift manual__2024-03-21T03:34:53.763836+00:00 [running]> on host 40b24d319cc0
[2024-03-21 03:35:02,604] {taskinstance.py:1571} INFO - Exporting the following env vars:
AIRFLOW_CTX_DAG_OWNER=***
AIRFLOW_CTX_DAG_ID=elt_reddit_pipeline
AIRFLOW_CTX_TASK_ID=copy_to_redshift
AIRFLOW_CTX_EXECUTION_DATE=2024-03-21T03:34:53.763836+00:00
AIRFLOW_CTX_TRY_NUMBER=1
AIRFLOW_CTX_DAG_RUN_ID=manual__2024-03-21T03:34:53.763836+00:00
[2024-03-21 03:35:02,605] {subprocess.py:62} INFO - Tmp dir root location: 
 /tmp
[2024-03-21 03:35:02,605] {subprocess.py:74} INFO - Running command: ['bash', '-c', 'python /opt/***/extraction/upload_aws_redshift_etl.py 20240321']
[2024-03-21 03:35:02,613] {subprocess.py:85} INFO - Output:
[2024-03-21 03:35:03,290] {subprocess.py:96} INFO - Command exited with return code 0
[2024-03-21 03:35:03,342] {taskinstance.py:1400} INFO - Marking task as SUCCESS. dag_id=elt_reddit_pipeline, task_id=copy_to_redshift, execution_date=20240321T033453, start_date=20240321T033502, end_date=20240321T033503
[2024-03-21 03:35:03,373] {local_task_job.py:156} INFO - Task exited with return code 0
[2024-03-21 03:35:03,405] {local_task_job.py:273} INFO - 0 downstream tasks scheduled from follow-on schedule check
