[2024-03-20 15:04:07,357] {taskinstance.py:1159} INFO - Dependencies all met for <TaskInstance: elt_reddit_pipeline.upload_to_s3 manual__2024-03-20T15:03:56.982105+00:00 [queued]>
[2024-03-20 15:04:07,370] {taskinstance.py:1159} INFO - Dependencies all met for <TaskInstance: elt_reddit_pipeline.upload_to_s3 manual__2024-03-20T15:03:56.982105+00:00 [queued]>
[2024-03-20 15:04:07,370] {taskinstance.py:1356} INFO - 
--------------------------------------------------------------------------------
[2024-03-20 15:04:07,371] {taskinstance.py:1357} INFO - Starting attempt 1 of 2
[2024-03-20 15:04:07,371] {taskinstance.py:1358} INFO - 
--------------------------------------------------------------------------------
[2024-03-20 15:04:07,384] {taskinstance.py:1377} INFO - Executing <Task(BashOperator): upload_to_s3> on 2024-03-20 15:03:56.982105+00:00
[2024-03-20 15:04:07,394] {standard_task_runner.py:52} INFO - Started process 12386 to run task
[2024-03-20 15:04:07,399] {standard_task_runner.py:79} INFO - Running: ['***', 'tasks', 'run', 'elt_reddit_pipeline', 'upload_to_s3', 'manual__2024-03-20T15:03:56.982105+00:00', '--job-id', '14', '--raw', '--subdir', 'DAGS_FOLDER/elt_reddit_pipeline.py', '--cfg-path', '/tmp/tmp88kx76ai', '--error-file', '/tmp/tmpv4gh6x5v']
[2024-03-20 15:04:07,399] {standard_task_runner.py:80} INFO - Job 14: Subtask upload_to_s3
[2024-03-20 15:04:07,492] {task_command.py:370} INFO - Running <TaskInstance: elt_reddit_pipeline.upload_to_s3 manual__2024-03-20T15:03:56.982105+00:00 [running]> on host 9aae7e0ec976
[2024-03-20 15:04:07,567] {taskinstance.py:1571} INFO - Exporting the following env vars:
AIRFLOW_CTX_DAG_OWNER=***
AIRFLOW_CTX_DAG_ID=elt_reddit_pipeline
AIRFLOW_CTX_TASK_ID=upload_to_s3
AIRFLOW_CTX_EXECUTION_DATE=2024-03-20T15:03:56.982105+00:00
AIRFLOW_CTX_TRY_NUMBER=1
AIRFLOW_CTX_DAG_RUN_ID=manual__2024-03-20T15:03:56.982105+00:00
[2024-03-20 15:04:07,568] {subprocess.py:62} INFO - Tmp dir root location: 
 /tmp
[2024-03-20 15:04:07,570] {subprocess.py:74} INFO - Running command: ['bash', '-c', 'python /opt/***/extraction/upload_aws_s3_etl.py 20240320']
[2024-03-20 15:04:07,589] {subprocess.py:85} INFO - Output:
[2024-03-20 15:04:08,709] {subprocess.py:96} INFO - Command exited with return code 0
[2024-03-20 15:04:08,765] {taskinstance.py:1400} INFO - Marking task as SUCCESS. dag_id=elt_reddit_pipeline, task_id=upload_to_s3, execution_date=20240320T150356, start_date=20240320T150407, end_date=20240320T150408
[2024-03-20 15:04:08,804] {local_task_job.py:156} INFO - Task exited with return code 0
[2024-03-20 15:04:08,854] {local_task_job.py:273} INFO - 1 downstream tasks scheduled from follow-on schedule check
