[2024-03-20 08:57:25,381] {taskinstance.py:1159} INFO - Dependencies all met for <TaskInstance: elt_reddit_pipeline.extract_reddit_data manual__2024-03-20T08:57:24.388901+00:00 [queued]>
[2024-03-20 08:57:25,388] {taskinstance.py:1159} INFO - Dependencies all met for <TaskInstance: elt_reddit_pipeline.extract_reddit_data manual__2024-03-20T08:57:24.388901+00:00 [queued]>
[2024-03-20 08:57:25,388] {taskinstance.py:1356} INFO - 
--------------------------------------------------------------------------------
[2024-03-20 08:57:25,389] {taskinstance.py:1357} INFO - Starting attempt 1 of 2
[2024-03-20 08:57:25,389] {taskinstance.py:1358} INFO - 
--------------------------------------------------------------------------------
[2024-03-20 08:57:25,396] {taskinstance.py:1377} INFO - Executing <Task(BashOperator): extract_reddit_data> on 2024-03-20 08:57:24.388901+00:00
[2024-03-20 08:57:25,400] {standard_task_runner.py:52} INFO - Started process 1568 to run task
[2024-03-20 08:57:25,404] {standard_task_runner.py:79} INFO - Running: ['***', 'tasks', 'run', 'elt_reddit_pipeline', 'extract_reddit_data', 'manual__2024-03-20T08:57:24.388901+00:00', '--job-id', '6', '--raw', '--subdir', 'DAGS_FOLDER/elt_reddit_pipeline.py', '--cfg-path', '/tmp/tmp5kdvuklj', '--error-file', '/tmp/tmpg8_y_uxn']
[2024-03-20 08:57:25,404] {standard_task_runner.py:80} INFO - Job 6: Subtask extract_reddit_data
[2024-03-20 08:57:25,459] {task_command.py:370} INFO - Running <TaskInstance: elt_reddit_pipeline.extract_reddit_data manual__2024-03-20T08:57:24.388901+00:00 [running]> on host 9aae7e0ec976
[2024-03-20 08:57:25,510] {taskinstance.py:1571} INFO - Exporting the following env vars:
AIRFLOW_CTX_DAG_OWNER=***
AIRFLOW_CTX_DAG_ID=elt_reddit_pipeline
AIRFLOW_CTX_TASK_ID=extract_reddit_data
AIRFLOW_CTX_EXECUTION_DATE=2024-03-20T08:57:24.388901+00:00
AIRFLOW_CTX_TRY_NUMBER=1
AIRFLOW_CTX_DAG_RUN_ID=manual__2024-03-20T08:57:24.388901+00:00
[2024-03-20 08:57:25,511] {subprocess.py:62} INFO - Tmp dir root location: 
 /tmp
[2024-03-20 08:57:25,512] {subprocess.py:74} INFO - Running command: ['bash', '-c', 'python /opt/***/extraction/extract_reddit_etl.py 20240320']
[2024-03-20 08:57:25,524] {subprocess.py:85} INFO - Output:
[2024-03-20 08:57:27,651] {subprocess.py:96} INFO - Command exited with return code 0
[2024-03-20 08:57:27,717] {taskinstance.py:1400} INFO - Marking task as SUCCESS. dag_id=elt_reddit_pipeline, task_id=extract_reddit_data, execution_date=20240320T085724, start_date=20240320T085725, end_date=20240320T085727
[2024-03-20 08:57:27,777] {local_task_job.py:156} INFO - Task exited with return code 0
[2024-03-20 08:57:27,860] {local_task_job.py:273} INFO - 1 downstream tasks scheduled from follow-on schedule check
